<?xml version="1.0" encoding="UTF-8"?>
<!-- Generated by org.testng.reporters.JUnitReportReporter -->
<testsuite skipped="0" hostname="DESKTOP-DJM2UUE" name="com.noon.testCases.SearchHotelTest" tests="1" failures="0" timestamp="10 Jun 2020 20:14:46 GMT" time="12.047" errors="0">
  <testcase name="searchHotelTest" time="12.047" classname="com.noon.testCases.SearchHotelTest"/>
</testsuite> <!-- com.noon.testCases.SearchHotelTest -->
