<?xml version="1.0" encoding="UTF-8"?>
<!-- Generated by org.testng.reporters.JUnitReportReporter -->
<testsuite skipped="0" hostname="DESKTOP-DJM2UUE" name="com.noon.testCases.LoginPageTest" tests="1" failures="0" timestamp="10 Jun 2020 20:14:46 GMT" time="31.256" errors="0">
  <testcase name="performSignInTest" time="31.256" classname="com.noon.testCases.LoginPageTest"/>
</testsuite> <!-- com.noon.testCases.LoginPageTest -->
