<?xml version="1.0" encoding="UTF-8"?>
<!-- Generated by org.testng.reporters.JUnitReportReporter -->
<testsuite skipped="0" hostname="DESKTOP-DJM2UUE" name="com.noon.testCases.HotelsListingPageTest" tests="4" failures="0" timestamp="10 Jun 2020 20:14:46 GMT" time="19.774" errors="0">
  <testcase name="verifyHotelNameTest" time="7.892" classname="com.noon.testCases.HotelsListingPageTest"/>
  <testcase name="sortHotelListingByGuestsRatingTest" time="2.882" classname="com.noon.testCases.HotelsListingPageTest"/>
  <testcase name="verifyCurrentHotelsSortingOptionTest" time="5.696" classname="com.noon.testCases.HotelsListingPageTest"/>
  <testcase name="fetchHotelNamesAndPricesTest" time="3.304" classname="com.noon.testCases.HotelsListingPageTest"/>
</testsuite> <!-- com.noon.testCases.HotelsListingPageTest -->
