<?xml version="1.0" encoding="UTF-8"?>
<!-- Generated by org.testng.reporters.JUnitReportReporter -->
<testsuite skipped="0" hostname="DESKTOP-DJM2UUE" name="com.noon.testCases.LandingPageTest" tests="1" failures="0" timestamp="10 Jun 2020 20:14:46 GMT" time="13.779" errors="0">
  <testcase name="clickSignInLinkTest" time="13.779" classname="com.noon.testCases.LandingPageTest"/>
</testsuite> <!-- com.noon.testCases.LandingPageTest -->
